2013/06/19 18:40:40 [error] [exception.CHttpException.404] exception 'CHttpException' with message 'Unable to resolve the request "create/user".' in /Applications/XAMPP/xamppfiles/htdocs/yii/framework/web/CWebApplication.php:286
Stack trace:
#0 /Applications/XAMPP/xamppfiles/htdocs/yii/framework/web/CWebApplication.php(141): CWebApplication->runController('create/user')
#1 /Applications/XAMPP/xamppfiles/htdocs/yii/framework/base/CApplication.php(169): CWebApplication->processRequest()
#2 /Applications/XAMPP/xamppfiles/htdocs/teamsoft/index.php(13): CApplication->run()
#3 {main}
REQUEST_URI=/teamsoft/create/user
---
2013/06/19 18:53:51 [error] [exception.CHttpException.404] exception 'CHttpException' with message 'The system is unable to find the requested action "statusComment".' in /Applications/XAMPP/xamppfiles/htdocs/yii/framework/web/CController.php:483
Stack trace:
#0 /Applications/XAMPP/xamppfiles/htdocs/yii/framework/web/CController.php(270): CController->missingAction('statusComment')
#1 /Applications/XAMPP/xamppfiles/htdocs/yii/framework/web/CWebApplication.php(282): CController->run('statusComment')
#2 /Applications/XAMPP/xamppfiles/htdocs/yii/framework/web/CWebApplication.php(141): CWebApplication->runController('user/statusComm...')
#3 /Applications/XAMPP/xamppfiles/htdocs/yii/framework/base/CApplication.php(169): CWebApplication->processRequest()
#4 /Applications/XAMPP/xamppfiles/htdocs/teamsoft/index.php(13): CApplication->run()
#5 {main}
REQUEST_URI=/teamsoft/user/statusComment/create/1
HTTP_REFERER=http://localhost/teamsoft/user/index
---
2013/06/19 18:54:06 [error] [exception.CHttpException.404] exception 'CHttpException' with message 'The system is unable to find the requested action "statusComment".' in /Applications/XAMPP/xamppfiles/htdocs/yii/framework/web/CController.php:483
Stack trace:
#0 /Applications/XAMPP/xamppfiles/htdocs/yii/framework/web/CController.php(270): CController->missingAction('statusComment')
#1 /Applications/XAMPP/xamppfiles/htdocs/yii/framework/web/CWebApplication.php(282): CController->run('statusComment')
#2 /Applications/XAMPP/xamppfiles/htdocs/yii/framework/web/CWebApplication.php(141): CWebApplication->runController('user/statusComm...')
#3 /Applications/XAMPP/xamppfiles/htdocs/yii/framework/base/CApplication.php(169): CWebApplication->processRequest()
#4 /Applications/XAMPP/xamppfiles/htdocs/teamsoft/index.php(13): CApplication->run()
#5 {main}
REQUEST_URI=/teamsoft/user/statusComment/create/1
HTTP_REFERER=http://localhost/teamsoft/user/index
---
2013/06/19 18:54:28 [error] [exception.CHttpException.404] exception 'CHttpException' with message 'The system is unable to find the requested action "statusComment".' in /Applications/XAMPP/xamppfiles/htdocs/yii/framework/web/CController.php:483
Stack trace:
#0 /Applications/XAMPP/xamppfiles/htdocs/yii/framework/web/CController.php(270): CController->missingAction('statusComment')
#1 /Applications/XAMPP/xamppfiles/htdocs/yii/framework/web/CWebApplication.php(282): CController->run('statusComment')
#2 /Applications/XAMPP/xamppfiles/htdocs/yii/framework/web/CWebApplication.php(141): CWebApplication->runController('user/statusComm...')
#3 /Applications/XAMPP/xamppfiles/htdocs/yii/framework/base/CApplication.php(169): CWebApplication->processRequest()
#4 /Applications/XAMPP/xamppfiles/htdocs/teamsoft/index.php(13): CApplication->run()
#5 {main}
REQUEST_URI=/teamsoft/user/statusComment/create/1
HTTP_REFERER=http://localhost/teamsoft/user/index
---
2013/06/19 18:56:26 [error] [exception.CHttpException.404] exception 'CHttpException' with message 'The system is unable to find the requested action "statusComment".' in /Applications/XAMPP/xamppfiles/htdocs/yii/framework/web/CController.php:483
Stack trace:
#0 /Applications/XAMPP/xamppfiles/htdocs/yii/framework/web/CController.php(270): CController->missingAction('statusComment')
#1 /Applications/XAMPP/xamppfiles/htdocs/yii/framework/web/CWebApplication.php(282): CController->run('statusComment')
#2 /Applications/XAMPP/xamppfiles/htdocs/yii/framework/web/CWebApplication.php(141): CWebApplication->runController('user/statusComm...')
#3 /Applications/XAMPP/xamppfiles/htdocs/yii/framework/base/CApplication.php(169): CWebApplication->processRequest()
#4 /Applications/XAMPP/xamppfiles/htdocs/teamsoft/index.php(13): CApplication->run()
#5 {main}
REQUEST_URI=/teamsoft/user/statusComment/create/2
HTTP_REFERER=http://localhost/teamsoft/user/index
---
2013/06/19 18:56:38 [error] [exception.CHttpException.404] exception 'CHttpException' with message 'The system is unable to find the requested action "statusComment".' in /Applications/XAMPP/xamppfiles/htdocs/yii/framework/web/CController.php:483
Stack trace:
#0 /Applications/XAMPP/xamppfiles/htdocs/yii/framework/web/CController.php(270): CController->missingAction('statusComment')
#1 /Applications/XAMPP/xamppfiles/htdocs/yii/framework/web/CWebApplication.php(282): CController->run('statusComment')
#2 /Applications/XAMPP/xamppfiles/htdocs/yii/framework/web/CWebApplication.php(141): CWebApplication->runController('user/statusComm...')
#3 /Applications/XAMPP/xamppfiles/htdocs/yii/framework/base/CApplication.php(169): CWebApplication->processRequest()
#4 /Applications/XAMPP/xamppfiles/htdocs/teamsoft/index.php(13): CApplication->run()
#5 {main}
REQUEST_URI=/teamsoft/user/statusComment/create/2
HTTP_REFERER=http://localhost/teamsoft/user/index
---
2013/06/19 18:58:56 [error] [exception.CHttpException.404] exception 'CHttpException' with message 'The system is unable to find the requested action "teamsoft".' in /Applications/XAMPP/xamppfiles/htdocs/yii/framework/web/CController.php:483
Stack trace:
#0 /Applications/XAMPP/xamppfiles/htdocs/yii/framework/web/CController.php(270): CController->missingAction('teamsoft')
#1 /Applications/XAMPP/xamppfiles/htdocs/yii/framework/web/CWebApplication.php(282): CController->run('teamsoft')
#2 /Applications/XAMPP/xamppfiles/htdocs/yii/framework/web/CWebApplication.php(141): CWebApplication->runController('user/teamsoft/s...')
#3 /Applications/XAMPP/xamppfiles/htdocs/yii/framework/base/CApplication.php(169): CWebApplication->processRequest()
#4 /Applications/XAMPP/xamppfiles/htdocs/teamsoft/index.php(13): CApplication->run()
#5 {main}
REQUEST_URI=/teamsoft/user/teamsoft/statusComment/create/2
HTTP_REFERER=http://localhost/teamsoft/user/index
---
2013/06/19 19:12:22 [error] [exception.CException] exception 'CException' with message 'Property "User.moneyObj" is not defined.' in /Applications/XAMPP/xamppfiles/htdocs/yii/framework/base/CComponent.php:130
Stack trace:
#0 /Applications/XAMPP/xamppfiles/htdocs/yii/framework/db/ar/CActiveRecord.php(143): CComponent->__get('moneyObj')
#1 /Applications/XAMPP/xamppfiles/htdocs/teamsoft/protected/controllers/UserController.php(134): CActiveRecord->__get('moneyObj')
#2 /Applications/XAMPP/xamppfiles/htdocs/yii/framework/web/actions/CInlineAction.php(49): UserController->actionIndex()
#3 /Applications/XAMPP/xamppfiles/htdocs/yii/framework/web/CController.php(308): CInlineAction->runWithParams(Array)
#4 /Applications/XAMPP/xamppfiles/htdocs/yii/framework/web/filters/CFilterChain.php(133): CController->runAction(Object(CInlineAction))
#5 /Applications/XAMPP/xamppfiles/htdocs/yii/framework/web/filters/CFilter.php(40): CFilterChain->run()
#6 /Applications/XAMPP/xamppfiles/htdocs/yii/framework/web/CController.php(1145): CFilter->filter(Object(CFilterChain))
#7 /Applications/XAMPP/xamppfiles/htdocs/yii/framework/web/filters/CInlineFilter.php(58): CController->filterAccessControl(Object(CFilterChain))
#8 /Applications/XAMPP/xamppfiles/htdocs/yii/framework/web/filters/CFilterChain.php(130): CInlineFilter->filter(Object(CFilterChain))
#9 /Applications/XAMPP/xamppfiles/htdocs/yii/framework/web/CController.php(291): CFilterChain->run()
#10 /Applications/XAMPP/xamppfiles/htdocs/yii/framework/web/CController.php(265): CController->runActionWithFilters(Object(CInlineAction), Array)
#11 /Applications/XAMPP/xamppfiles/htdocs/yii/framework/web/CWebApplication.php(282): CController->run('')
#12 /Applications/XAMPP/xamppfiles/htdocs/yii/framework/web/CWebApplication.php(141): CWebApplication->runController('')
#13 /Applications/XAMPP/xamppfiles/htdocs/yii/framework/base/CApplication.php(169): CWebApplication->processRequest()
#14 /Applications/XAMPP/xamppfiles/htdocs/teamsoft/index.php(13): CApplication->run()
#15 {main}
REQUEST_URI=/teamsoft/
HTTP_REFERER=http://localhost/teamsoft/user/index
---
2013/06/19 19:57:51 [error] [php] Invalid argument supplied for foreach() (/Applications/XAMPP/xamppfiles/htdocs/teamsoft/protected/views/user/view.php:109)
Stack trace:
#0 /Applications/XAMPP/xamppfiles/htdocs/yii/framework/web/CController.php(869): UserController->renderFile()
#1 /Applications/XAMPP/xamppfiles/htdocs/yii/framework/web/CController.php(782): UserController->renderPartial()
#2 /Applications/XAMPP/xamppfiles/htdocs/teamsoft/protected/controllers/UserController.php(56): UserController->render()
#3 unknown(0): UserController->actionView()
#4 /Applications/XAMPP/xamppfiles/htdocs/yii/framework/web/actions/CAction.php(108): ReflectionMethod->invokeArgs()
#5 /Applications/XAMPP/xamppfiles/htdocs/yii/framework/web/actions/CInlineAction.php(47): CInlineAction->runWithParamsInternal()
#6 /Applications/XAMPP/xamppfiles/htdocs/yii/framework/web/CController.php(308): CInlineAction->runWithParams()
#7 /Applications/XAMPP/xamppfiles/htdocs/yii/framework/web/filters/CFilterChain.php(133): UserController->runAction()
#8 /Applications/XAMPP/xamppfiles/htdocs/yii/framework/web/filters/CFilter.php(40): CFilterChain->run()
#9 /Applications/XAMPP/xamppfiles/htdocs/yii/framework/web/CController.php(1145): CAccessControlFilter->filter()
#10 /Applications/XAMPP/xamppfiles/htdocs/yii/framework/web/filters/CInlineFilter.php(58): UserController->filterAccessControl()
#11 /Applications/XAMPP/xamppfiles/htdocs/yii/framework/web/filters/CFilterChain.php(130): CInlineFilter->filter()
#12 /Applications/XAMPP/xamppfiles/htdocs/yii/framework/web/CController.php(291): CFilterChain->run()
#13 /Applications/XAMPP/xamppfiles/htdocs/yii/framework/web/CController.php(265): UserController->runActionWithFilters()
#14 /Applications/XAMPP/xamppfiles/htdocs/yii/framework/web/CWebApplication.php(282): UserController->run()
#15 /Applications/XAMPP/xamppfiles/htdocs/yii/framework/web/CWebApplication.php(141): CWebApplication->runController()
#16 /Applications/XAMPP/xamppfiles/htdocs/yii/framework/base/CApplication.php(169): CWebApplication->processRequest()
#17 /Applications/XAMPP/xamppfiles/htdocs/teamsoft/index.php(13): CWebApplication->run()
REQUEST_URI=/teamsoft/user/1
in /Applications/XAMPP/xamppfiles/htdocs/teamsoft/protected/views/user/view.php (109)
in /Applications/XAMPP/xamppfiles/htdocs/teamsoft/protected/controllers/UserController.php (56)
in /Applications/XAMPP/xamppfiles/htdocs/teamsoft/index.php (13)
2013/06/19 19:58:38 [error] [php] Invalid argument supplied for foreach() (/Applications/XAMPP/xamppfiles/htdocs/teamsoft/protected/views/user/view.php:109)
Stack trace:
#0 /Applications/XAMPP/xamppfiles/htdocs/yii/framework/web/CController.php(869): UserController->renderFile()
#1 /Applications/XAMPP/xamppfiles/htdocs/yii/framework/web/CController.php(782): UserController->renderPartial()
#2 /Applications/XAMPP/xamppfiles/htdocs/teamsoft/protected/controllers/UserController.php(56): UserController->render()
#3 unknown(0): UserController->actionView()
#4 /Applications/XAMPP/xamppfiles/htdocs/yii/framework/web/actions/CAction.php(108): ReflectionMethod->invokeArgs()
#5 /Applications/XAMPP/xamppfiles/htdocs/yii/framework/web/actions/CInlineAction.php(47): CInlineAction->runWithParamsInternal()
#6 /Applications/XAMPP/xamppfiles/htdocs/yii/framework/web/CController.php(308): CInlineAction->runWithParams()
#7 /Applications/XAMPP/xamppfiles/htdocs/yii/framework/web/filters/CFilterChain.php(133): UserController->runAction()
#8 /Applications/XAMPP/xamppfiles/htdocs/yii/framework/web/filters/CFilter.php(40): CFilterChain->run()
#9 /Applications/XAMPP/xamppfiles/htdocs/yii/framework/web/CController.php(1145): CAccessControlFilter->filter()
#10 /Applications/XAMPP/xamppfiles/htdocs/yii/framework/web/filters/CInlineFilter.php(58): UserController->filterAccessControl()
#11 /Applications/XAMPP/xamppfiles/htdocs/yii/framework/web/filters/CFilterChain.php(130): CInlineFilter->filter()
#12 /Applications/XAMPP/xamppfiles/htdocs/yii/framework/web/CController.php(291): CFilterChain->run()
#13 /Applications/XAMPP/xamppfiles/htdocs/yii/framework/web/CController.php(265): UserController->runActionWithFilters()
#14 /Applications/XAMPP/xamppfiles/htdocs/yii/framework/web/CWebApplication.php(282): UserController->run()
#15 /Applications/XAMPP/xamppfiles/htdocs/yii/framework/web/CWebApplication.php(141): CWebApplication->runController()
#16 /Applications/XAMPP/xamppfiles/htdocs/yii/framework/base/CApplication.php(169): CWebApplication->processRequest()
#17 /Applications/XAMPP/xamppfiles/htdocs/teamsoft/index.php(13): CWebApplication->run()
REQUEST_URI=/teamsoft/user/1
in /Applications/XAMPP/xamppfiles/htdocs/teamsoft/protected/views/user/view.php (109)
in /Applications/XAMPP/xamppfiles/htdocs/teamsoft/protected/controllers/UserController.php (56)
in /Applications/XAMPP/xamppfiles/htdocs/teamsoft/index.php (13)
2013/06/19 20:02:24 [error] [php] ucfirst() expects parameter 1 to be string, object given (/Applications/XAMPP/xamppfiles/htdocs/teamsoft/protected/controllers/UserController.php:118)
Stack trace:
#0 /Applications/XAMPP/xamppfiles/htdocs/yii/framework/web/actions/CAction.php(108): ReflectionMethod->invokeArgs()
#1 /Applications/XAMPP/xamppfiles/htdocs/yii/framework/web/actions/CInlineAction.php(47): CInlineAction->runWithParamsInternal()
#2 /Applications/XAMPP/xamppfiles/htdocs/yii/framework/web/CController.php(308): CInlineAction->runWithParams()
#3 /Applications/XAMPP/xamppfiles/htdocs/yii/framework/web/filters/CFilterChain.php(133): UserController->runAction()
#4 /Applications/XAMPP/xamppfiles/htdocs/yii/framework/web/filters/CFilter.php(40): CFilterChain->run()
#5 /Applications/XAMPP/xamppfiles/htdocs/yii/framework/web/CController.php(1145): CAccessControlFilter->filter()
#6 /Applications/XAMPP/xamppfiles/htdocs/yii/framework/web/filters/CInlineFilter.php(58): UserController->filterAccessControl()
#7 /Applications/XAMPP/xamppfiles/htdocs/yii/framework/web/filters/CFilterChain.php(130): CInlineFilter->filter()
#8 /Applications/XAMPP/xamppfiles/htdocs/yii/framework/web/CController.php(291): CFilterChain->run()
#9 /Applications/XAMPP/xamppfiles/htdocs/yii/framework/web/CController.php(265): UserController->runActionWithFilters()
#10 /Applications/XAMPP/xamppfiles/htdocs/yii/framework/web/CWebApplication.php(282): UserController->run()
#11 /Applications/XAMPP/xamppfiles/htdocs/yii/framework/web/CWebApplication.php(141): CWebApplication->runController()
#12 /Applications/XAMPP/xamppfiles/htdocs/yii/framework/base/CApplication.php(169): CWebApplication->processRequest()
#13 /Applications/XAMPP/xamppfiles/htdocs/teamsoft/index.php(13): CWebApplication->run()
REQUEST_URI=/teamsoft/user/1
in /Applications/XAMPP/xamppfiles/htdocs/teamsoft/protected/controllers/UserController.php (118)
in /Applications/XAMPP/xamppfiles/htdocs/teamsoft/index.php (13)
2013/06/19 20:02:33 [error] [php] ucfirst() expects parameter 1 to be string, object given (/Applications/XAMPP/xamppfiles/htdocs/teamsoft/protected/controllers/UserController.php:118)
Stack trace:
#0 /Applications/XAMPP/xamppfiles/htdocs/yii/framework/web/actions/CAction.php(108): ReflectionMethod->invokeArgs()
#1 /Applications/XAMPP/xamppfiles/htdocs/yii/framework/web/actions/CInlineAction.php(47): CInlineAction->runWithParamsInternal()
#2 /Applications/XAMPP/xamppfiles/htdocs/yii/framework/web/CController.php(308): CInlineAction->runWithParams()
#3 /Applications/XAMPP/xamppfiles/htdocs/yii/framework/web/filters/CFilterChain.php(133): UserController->runAction()
#4 /Applications/XAMPP/xamppfiles/htdocs/yii/framework/web/filters/CFilter.php(40): CFilterChain->run()
#5 /Applications/XAMPP/xamppfiles/htdocs/yii/framework/web/CController.php(1145): CAccessControlFilter->filter()
#6 /Applications/XAMPP/xamppfiles/htdocs/yii/framework/web/filters/CInlineFilter.php(58): UserController->filterAccessControl()
#7 /Applications/XAMPP/xamppfiles/htdocs/yii/framework/web/filters/CFilterChain.php(130): CInlineFilter->filter()
#8 /Applications/XAMPP/xamppfiles/htdocs/yii/framework/web/CController.php(291): CFilterChain->run()
#9 /Applications/XAMPP/xamppfiles/htdocs/yii/framework/web/CController.php(265): UserController->runActionWithFilters()
#10 /Applications/XAMPP/xamppfiles/htdocs/yii/framework/web/CWebApplication.php(282): UserController->run()
#11 /Applications/XAMPP/xamppfiles/htdocs/yii/framework/web/CWebApplication.php(141): CWebApplication->runController()
#12 /Applications/XAMPP/xamppfiles/htdocs/yii/framework/base/CApplication.php(169): CWebApplication->processRequest()
#13 /Applications/XAMPP/xamppfiles/htdocs/teamsoft/index.php(13): CWebApplication->run()
REQUEST_URI=/teamsoft/user/1
in /Applications/XAMPP/xamppfiles/htdocs/teamsoft/protected/controllers/UserController.php (118)
in /Applications/XAMPP/xamppfiles/htdocs/teamsoft/index.php (13)
2013/06/19 20:02:35 [error] [php] ucfirst() expects parameter 1 to be string, object given (/Applications/XAMPP/xamppfiles/htdocs/teamsoft/protected/controllers/UserController.php:118)
Stack trace:
#0 /Applications/XAMPP/xamppfiles/htdocs/yii/framework/web/actions/CAction.php(108): ReflectionMethod->invokeArgs()
#1 /Applications/XAMPP/xamppfiles/htdocs/yii/framework/web/actions/CInlineAction.php(47): CInlineAction->runWithParamsInternal()
#2 /Applications/XAMPP/xamppfiles/htdocs/yii/framework/web/CController.php(308): CInlineAction->runWithParams()
#3 /Applications/XAMPP/xamppfiles/htdocs/yii/framework/web/filters/CFilterChain.php(133): UserController->runAction()
#4 /Applications/XAMPP/xamppfiles/htdocs/yii/framework/web/filters/CFilter.php(40): CFilterChain->run()
#5 /Applications/XAMPP/xamppfiles/htdocs/yii/framework/web/CController.php(1145): CAccessControlFilter->filter()
#6 /Applications/XAMPP/xamppfiles/htdocs/yii/framework/web/filters/CInlineFilter.php(58): UserController->filterAccessControl()
#7 /Applications/XAMPP/xamppfiles/htdocs/yii/framework/web/filters/CFilterChain.php(130): CInlineFilter->filter()
#8 /Applications/XAMPP/xamppfiles/htdocs/yii/framework/web/CController.php(291): CFilterChain->run()
#9 /Applications/XAMPP/xamppfiles/htdocs/yii/framework/web/CController.php(265): UserController->runActionWithFilters()
#10 /Applications/XAMPP/xamppfiles/htdocs/yii/framework/web/CWebApplication.php(282): UserController->run()
#11 /Applications/XAMPP/xamppfiles/htdocs/yii/framework/web/CWebApplication.php(141): CWebApplication->runController()
#12 /Applications/XAMPP/xamppfiles/htdocs/yii/framework/base/CApplication.php(169): CWebApplication->processRequest()
#13 /Applications/XAMPP/xamppfiles/htdocs/teamsoft/index.php(13): CWebApplication->run()
REQUEST_URI=/teamsoft/user/1
in /Applications/XAMPP/xamppfiles/htdocs/teamsoft/protected/controllers/UserController.php (118)
in /Applications/XAMPP/xamppfiles/htdocs/teamsoft/index.php (13)
